<?xml version="1.0" encoding="UTF-8"?>
<!-- Generated by org.testng.reporters.JUnitReportReporter -->
<testsuite hostname="DESKTOP-RUC9O5J" failures="0" tests="2" name="Academy.E2EProject.HomePage" time="17.304" errors="0" timestamp="20 Aug 2020 01:14:37 GMT">
  <testcase classname="Academy.E2EProject.HomePage" name="basePageNavigation" time="13.845"/>
  <testcase classname="Academy.E2EProject.HomePage" name="basePageNavigation" time="3.459"/>
</testsuite> <!-- Academy.E2EProject.HomePage -->
